build/app/outputs/mapping/release/seeds.txt
com.fitness.workouts.weightloss.MainActivity
com.fitness.workouts.weightloss.MainActivity: MainActivity()
...
com.pichillilorenzo.flutter_inappwebview.R$styleable: int ActionMode_backgroundSplit
com.pichillilorenzo.flutter_inappwebview.R$styleable: int PopupWindowBackgroundState_state_above_anchor
com.pichillilorenzo.flutter_inappwebview.R$styleable: int ActionBar_subtitle
com.pichillilorenzo.flutter_inappwebview.credential_database.CredentialDatabase: com.pichillilorenzo.flutter_inappwebview.credential_database.URLCredentialDao credentialDao
com.google.firestore.v1.DocumentTransform$FieldTransform: int REMOVE_ALL_FROM_ARRAY_FIELD_NUMBER
com.pichillilorenzo.flutter_inappwebview.R$styleable: int AnimatedStateListDrawableItem_android_drawable
com.pichillilorenzo.flutter_inappwebview.in_app_webview.InAppWebViewChromeClient$14: com.pichillilorenzo.flutter_inappwebview.in_app_webview.InAppWebViewChromeClient this$0
com.dexterous.flutterlocalnotifications.models.NotificationDetails: java.lang.Boolean onlyAlertOnce
com.google.firestore.v1.CommitRequest: com.google.firestore.v1.CommitRequest DEFAULT_INSTANCE
com.pichillilorenzo.flutter_inappwebview.R$dimen: int abc_seekbar_track_background_height_material
com.pichillilorenzo.flutter_inappwebview.R$styleable: int[] AnimatedStateListDrawableItem
com.pichillilorenzo.flutter_inappwebview.content_blocker.ContentBlockerActionType: com.pichillilorenzo.flutter_inappwebview.content_blocker.ContentBlockerActionType BLOCK
com.pichillilorenzo.flutter_inappwebview.MyCookieManager$1: com.pichillilorenzo.flutter_inappwebview.MyCookieManager this$0
com.pichillilorenzo.flutter_inappwebview.R$styleable: int TextAppearance_android_textFontWeight
com.google.android.gms.internal.ads.zzgff: int zzg
com.google.android.gms.internal.ads.zzajp: long zzad
com.pichillilorenzo.flutter_inappwebview.R$style: int TextAppearance_Widget_AppCompat_Toolbar_Title
com.google.firestore.v1.Write: int UPDATE_MASK_FIELD_NUMBER
com.google.android.gms.internal.firebase-auth-api.zzgx: com.google.android.gms.internal.firebase-auth-api.zzhd zzf
com.pichillilorenzo.flutter_inappwebview.in_app_webview.InAppWebViewRenderProcessClient$2: androidx.webkit.WebViewRenderProcess val$renderer
com.google.android.gms.internal.ads.zzgfy: int zze
com.pichillilorenzo.flutter_inappwebview.R$color: int abc_hint_foreground_material_dark
com.pichillilorenzo.flutter_inappwebview.R$dimen: int disabled_alpha_material_light
com.dexterous.flutterlocalnotifications.models.NotificationDetails: java.lang.String PLAY_SOUND
com.google.android.gms.appset.zzc: android.os.Parcelable$Creator CREATOR
com.pichillilorenzo.flutter_inappwebview.credential_database.CredentialDatabase: com.pichillilorenzo.flutter_inappwebview.credential_database.URLProtectionSpaceDao protectionSpaceDao
androidx.swiperefreshlayout.widget.SwipeRefreshLayout: androidx.core.view.NestedScrollingParentHelper mNestedScrollingParentHelper
androidx.window.embedding.EmbeddingTranslatingCallback: androidx.window.embedding.EmbeddingInterfaceCompat$EmbeddingCallbackInterface callback
com.pichillilorenzo.flutter_inappwebview.R$styleable: int AppCompatTextView_fontVariationSettings
com.pichillilorenzo.flutter_inappwebview.in_app_webview.InAppWebViewChromeClient: java.lang.String LOG_TAG
com.pichillilorenzo.flutter_inappwebview.R$style: int Widget_AppCompat_Light_ActionMode_Inverse
com.pichillilorenzo.flutter_inappwebview.R$dimen: int abc_text_size_display_4_material
com.google.android.gms.internal.ads.zzbce: int zzl
com.pichillilorenzo.flutter_inappwebview.R$styleable: int AppCompatTextView_autoSizeTextType
androidx.window.R$attr: int secondaryActivityAction
com.pichillilorenzo.flutter_inappwebview.in_app_webview.InAppWebView$4: com.pichillilorenzo.flutter_inappwebview.in_app_webview.InAppWebView this$0
com.google.android.gms.internal.firebase-auth-api.zzzx: int zzd
com.pichillilorenzo.flutter_inappwebview.in_app_webview.InAppWebView: com.pichillilorenzo.flutter_inappwebview.in_app_browser.InAppBrowserDelegate inAppBrowserDelegate