build/app/outputs/mapping/release/usage.txt
com.fitness.workouts.weightloss.BuildConfig
com.fitness.workouts.weightloss.R$anim
com.fitness.workouts.weightloss.R$animator
com.fitness.workouts.weightloss.R$attr
com.fitness.workouts.weightloss.R$bool
com.fitness.workouts.weightloss.R$color
com.fitness.workouts.weightloss.R$dimen
com.fitness.workouts.weightloss.R$drawable
com.fitness.workouts.weightloss.R$id
com.fitness.workouts.weightloss.R$integer
com.fitness.workouts.weightloss.R$interpolator
com.fitness.workouts.weightloss.R$layout
com.fitness.workouts.weightloss.R$menu
com.fitness.workouts.weightloss.R$mipmap
com.fitness.workouts.weightloss.R$raw
com.fitness.workouts.weightloss.R$string
com.fitness.workouts.weightloss.R$style
com.fitness.workouts.weightloss.R$styleable
com.fitness.workouts.weightloss.R$xml
com.fitness.workouts.weightloss.R
...
com.google.android.gms.common.util.JsonUtils
com.google.android.gms.common.util.MapUtils
com.google.android.gms.common.util.MurmurHash3:
    private void <init>()
com.google.android.gms.common.util.NumberUtils
com.google.android.gms.common.util.PlatformVersion:
    private void <init>()
    public static boolean isAtLeastHoneycomb()
    public static boolean isAtLeastHoneycombMR1()
    public static boolean isAtLeastLollipopMR1()
    public static boolean isAtLeastP()
    public static boolean isAtLeastS()
    public static boolean isAtLeastT()
com.google.android.gms.common.util.ProcessUtils:
    private void <init>()
com.google.android.gms.common.util.RetainForClient
com.google.android.gms.common.util.ScopeUtil
com.google.android.gms.common.util.SharedPreferencesUtils:
    private void <init>()
com.google.android.gms.common.util.Strings:
    private void <init>()
com.google.android.gms.common.util.UidVerifier:
    private void <init>()
com.google.android.gms.common.util.VisibleForTesting
com.google.android.gms.common.util.WorkSourceUtil
com.google.android.gms.common.util.concurrent.HandlerExecutor
com.google.android.gms.common.util.concurrent.NamedThreadFactory
com.google.android.gms.common.util.concurrent.NumberedThreadFactory
com.google.android.gms.common.util.concurrent.zza
com.google.android.gms.common.util.zzc
com.google.android.gms.common.wrappers.InstantApps:
    public void <init>()
com.google.android.gms.common.zaa
com.google.android.gms.common.zab
com.google.android.gms.common.zza
com.google.android.gms.common.zzd
com.google.android.gms.common.zzm:
    private static volatile com.google.android.gms.common.internal.zzaf zze
    static com.google.android.gms.common.zzw zza(java.lang.String,com.google.android.gms.common.zzi,boolean,boolean)
    static com.google.android.gms.common.zzw zzb(java.lang.String,boolean,boolean,boolean)
    static synthetic java.lang.String zzc(boolean,java.lang.String,com.google.android.gms.common.zzi)
    static boolean zze()
    private static com.google.android.gms.common.zzw zzf(java.lang.String,com.google.android.gms.common.zzi,boolean,boolean)
    private static void zzg()
com.google.android.gms.common.zzn
com.google.android.gms.common.zzo
com.google.android.gms.common.zzp
com.google.android.gms.common.zzq
com.google.android.gms.common.zzr
com.google.android.gms.common.zzs
com.google.android.gms.common.zzt
com.google.android.gms.common.zzu
com.google.android.gms.common.zzv
com.google.android.gms.common.zzw
com.google.android.gms.common.zzx
com.google.android.gms.common.zzy
com.google.android.gms.common.zzz
com.google.android.gms.dynamic.DeferredLifecycleHelper
com.google.android.gms.dynamic.FragmentWrapper
com.google.android.gms.dynamic.IFragmentWrapper$Stub
com.google.android.gms.dynamic.IFragmentWrapper
com.google.android.gms.dynamic.LifecycleDelegate
com.google.android.gms.dynamic.OnDelegateCreatedListener
com.google.android.gms.dynamic.SupportFragmentWrapper
com.google.android.gms.dynamic.zaa
com.google.android.gms.dynamic.zab
com.google.android.gms.dynamic.zac
com.google.android.gms.dynamic.zad
com.google.android.gms.dynamic.zae
com.google.android.gms.dynamic.zaf
com.google.android.gms.dynamic.zag
com.google.android.gms.dynamic.zah
com.google.android.gms.dynamic.zza
com.google.android.gms.internal.ads.zzaay:
    public void <init>()
com.google.android.gms.internal.ads.zzaca:
    public void <init>()
com.google.android.gms.internal.ads.zzacf:
    public void <init>()
com.google.android.gms.internal.ads.zzadb:
    private void <init>()
com.google.android.gms.internal.ads.zzadh:
    public void <init>()
com.google.android.gms.internal.ads.zzadk:
    public void <init>()
com.google.android.gms.internal.ads.zzadm:
    public void <init>()
com.google.android.gms.internal.ads.zzado:
    public void <init>()
com.google.android.gms.internal.ads.zzadt:
    public void <init>()
com.google.android.gms.internal.ads.zzadw:
    public void <init>()